<?xml version="1.0" encoding="UTF-8"?>
<!-- Generated by org.testng.reporters.JUnitReportReporter -->
<testsuite hostname="Saadhvi-Testing" failures="0" tests="1" name="com.Interview.TestCases.Amazon" time="15.232" errors="1" timestamp="21 Oct 2019 09:08:52 GMT" skipped="0">
  <testcase classname="com.Interview.TestCases.Amazon" name="mobileSearch" time="15.232">
    <error message="Expected condition failed: waiting for visibility of all [[[ChromeDriver: chrome on LINUX (a98b1d30dc55b484fe07b953b29e77de)] -&gt; xpath: //*[@data-alias=&#039;aps&#039;]], [[ChromeDriver: chrome on LINUX (a98b1d30dc55b484fe07b953b29e77de)] -&gt; xpath: //*[@data-alias=&#039;aps&#039;]], [[ChromeDriver: chrome on LINUX (a98b1d30dc55b484fe07b953b29e77de)] -&gt; xpath: //*[@data-alias=&#039;aps&#039;]], [[ChromeDriver: chrome on LINUX (a98b1d30dc55b484fe07b953b29e77de)] -&gt; xpath: //*[@data-alias=&#039;aps&#039;]], [[ChromeDriver: chrome on LINUX (a98b1d30dc55b484fe07b953b29e77de)] -&gt; xpath: //*[@data-alias=&#039;aps&#039;]], [[ChromeDriver: chrome on LINUX (a98b1d30dc55b484fe07b953b29e77de)] -&gt; xpath: //*[@data-alias=&#039;aps&#039;]], [[ChromeDriver: chrome on LINUX (a98b1d30dc55b484fe07b953b29e77de)] -&gt; xpath: //*[@data-alias=&#039;aps&#039;]], [[ChromeDriver: chrome on LINUX (a98b1d30dc55b484fe07b953b29e77de)] -&gt; xpath: //*[@data-alias=&#039;aps&#039;]], [[ChromeDriver: chrome on LINUX (a98b1d30dc55b484fe07b953b29e77de)] -&gt; xpath: //*[@data-alias=&#039;aps&#039;]], [[ChromeDriver: chrome on LINUX (a98b1d30dc55b484fe07b953b29e77de)] -&gt; xpath: //*[@data-alias=&#039;aps&#039;]]] (tried for 10 second(s) with 500 milliseconds interval)
Build info: version: &#039;3.141.59&#039;, revision: &#039;e82be7d358&#039;, time: &#039;2018-11-14T08:17:03&#039;
System info: host: &#039;Saadhvi-Testing&#039;, ip: &#039;127.0.1.1&#039;, os.name: &#039;Linux&#039;, os.arch: &#039;amd64&#039;, os.version: &#039;5.0.0-31-generic&#039;, java.version: &#039;11.0.4&#039;
Driver info: org.openqa.selenium.chrome.ChromeDriver
Capabilities {acceptInsecureCerts: false, browserName: chrome, browserVersion: 77.0.3865.90, chrome: {chromedriverVersion: 77.0.3865.40 (f484704e052e0..., userDataDir: /tmp/.com.google.Chrome.UyoEUw}, goog:chromeOptions: {debuggerAddress: localhost:40367}, javascriptEnabled: true, networkConnectionEnabled: false, pageLoadStrategy: normal, platform: LINUX, platformName: LINUX, proxy: Proxy(), setWindowRect: true, strictFileInteractability: false, timeouts: {implicit: 0, pageLoad: 300000, script: 30000}, unhandledPromptBehavior: dismiss and notify}
Session ID: a98b1d30dc55b484fe07b953b29e77de" type="org.openqa.selenium.TimeoutException">
      <![CDATA[org.openqa.selenium.TimeoutException: Expected condition failed: waiting for visibility of all [[[ChromeDriver: chrome on LINUX (a98b1d30dc55b484fe07b953b29e77de)] -> xpath: //*[@data-alias='aps']], [[ChromeDriver: chrome on LINUX (a98b1d30dc55b484fe07b953b29e77de)] -> xpath: //*[@data-alias='aps']], [[ChromeDriver: chrome on LINUX (a98b1d30dc55b484fe07b953b29e77de)] -> xpath: //*[@data-alias='aps']], [[ChromeDriver: chrome on LINUX (a98b1d30dc55b484fe07b953b29e77de)] -> xpath: //*[@data-alias='aps']], [[ChromeDriver: chrome on LINUX (a98b1d30dc55b484fe07b953b29e77de)] -> xpath: //*[@data-alias='aps']], [[ChromeDriver: chrome on LINUX (a98b1d30dc55b484fe07b953b29e77de)] -> xpath: //*[@data-alias='aps']], [[ChromeDriver: chrome on LINUX (a98b1d30dc55b484fe07b953b29e77de)] -> xpath: //*[@data-alias='aps']], [[ChromeDriver: chrome on LINUX (a98b1d30dc55b484fe07b953b29e77de)] -> xpath: //*[@data-alias='aps']], [[ChromeDriver: chrome on LINUX (a98b1d30dc55b484fe07b953b29e77de)] -> xpath: //*[@data-alias='aps']], [[ChromeDriver: chrome on LINUX (a98b1d30dc55b484fe07b953b29e77de)] -> xpath: //*[@data-alias='aps']]] (tried for 10 second(s) with 500 milliseconds interval)
Build info: version: '3.141.59', revision: 'e82be7d358', time: '2018-11-14T08:17:03'
System info: host: 'Saadhvi-Testing', ip: '127.0.1.1', os.name: 'Linux', os.arch: 'amd64', os.version: '5.0.0-31-generic', java.version: '11.0.4'
Driver info: org.openqa.selenium.chrome.ChromeDriver
Capabilities {acceptInsecureCerts: false, browserName: chrome, browserVersion: 77.0.3865.90, chrome: {chromedriverVersion: 77.0.3865.40 (f484704e052e0..., userDataDir: /tmp/.com.google.Chrome.UyoEUw}, goog:chromeOptions: {debuggerAddress: localhost:40367}, javascriptEnabled: true, networkConnectionEnabled: false, pageLoadStrategy: normal, platform: LINUX, platformName: LINUX, proxy: Proxy(), setWindowRect: true, strictFileInteractability: false, timeouts: {implicit: 0, pageLoad: 300000, script: 30000}, unhandledPromptBehavior: dismiss and notify}
Session ID: a98b1d30dc55b484fe07b953b29e77de
at org.openqa.selenium.support.ui.WebDriverWait.timeoutException(WebDriverWait.java:95)
at org.openqa.selenium.support.ui.FluentWait.until(FluentWait.java:272)
at com.Interview.TestCases.Amazon.mobileSearch(Amazon.java:31)
at java.base/jdk.internal.reflect.NativeMethodAccessorImpl.invoke0(Native Method)
at java.base/jdk.internal.reflect.NativeMethodAccessorImpl.invoke(NativeMethodAccessorImpl.java:62)
at java.base/jdk.internal.reflect.DelegatingMethodAccessorImpl.invoke(DelegatingMethodAccessorImpl.java:43)
at java.base/java.lang.reflect.Method.invoke(Method.java:566)
at org.testng.internal.MethodInvocationHelper.invokeMethod(MethodInvocationHelper.java:124)
at org.testng.internal.Invoker.invokeMethod(Invoker.java:583)
at org.testng.internal.Invoker.invokeTestMethod(Invoker.java:719)
at org.testng.internal.Invoker.invokeTestMethods(Invoker.java:989)
at org.testng.internal.TestMethodWorker.invokeTestMethods(TestMethodWorker.java:125)
at org.testng.internal.TestMethodWorker.run(TestMethodWorker.java:109)
at org.testng.TestRunner.privateRun(TestRunner.java:648)
at org.testng.TestRunner.run(TestRunner.java:505)
at org.testng.SuiteRunner.runTest(SuiteRunner.java:455)
at org.testng.SuiteRunner.runSequentially(SuiteRunner.java:450)
at org.testng.SuiteRunner.privateRun(SuiteRunner.java:415)
at org.testng.SuiteRunner.run(SuiteRunner.java:364)
at org.testng.SuiteRunnerWorker.runSuite(SuiteRunnerWorker.java:52)
at org.testng.SuiteRunnerWorker.run(SuiteRunnerWorker.java:84)
at org.testng.TestNG.runSuitesSequentially(TestNG.java:1208)
at org.testng.TestNG.runSuitesLocally(TestNG.java:1137)
at org.testng.TestNG.runSuites(TestNG.java:1049)
at org.testng.TestNG.run(TestNG.java:1017)
at org.testng.remote.AbstractRemoteTestNG.run(AbstractRemoteTestNG.java:115)
at org.testng.remote.RemoteTestNG.initAndRun(RemoteTestNG.java:251)
at org.testng.remote.RemoteTestNG.main(RemoteTestNG.java:77)
]]>
    </error>
  </testcase> <!-- mobileSearch -->
</testsuite> <!-- com.Interview.TestCases.Amazon -->
